2026-03-10 09:52:09.240 +02:00 [INF] Ensuring Playwright Chromium is installed…
2026-03-10 09:52:09.749 +02:00 [INF] Playwright install exit code: 0
2026-03-10 09:52:09.821 +02:00 [INF] ScraperWorker started — interval: "01:00:00"
2026-03-10 09:52:09.826 +02:00 [INF] RunSafeAsync called
2026-03-10 09:52:09.827 +02:00 [INF] Resolving orchestrator...
2026-03-10 09:52:09.972 +02:00 [INF] Starting orchestrator.RunAsync...
2026-03-10 09:52:09.975 +02:00 [INF] ═══ Scraping run started at 07:52:09 ═══
2026-03-10 09:52:10.649 +02:00 [INF] Navigating to https://finance.yahoo.com/topic/latest-news/
2026-03-10 09:52:20.914 +02:00 [INF] Scroll complete after 6 iterations (3 consecutive stable ticks)
2026-03-10 09:52:20.928 +02:00 [INF] Merge complete — 170 unique articles (0 from XHR interception, 170 from DOM)
2026-03-10 09:52:20.944 +02:00 [INF] Scraped 170 total articles
2026-03-10 09:52:20.962 +02:00 [INF] Redis filter: 170 new, 0 already known
2026-03-10 09:52:21.208 +02:00 [INF] Bulk inserted 170 articles into ClickHouse
2026-03-10 09:52:21.220 +02:00 [INF] ═══ Run complete in 11.244s — scraped=170, inserted=170, skipped=0 ═══
2026-03-10 09:57:28.447 +02:00 [INF] Ensuring Playwright Chromium is installed…
2026-03-10 09:57:28.979 +02:00 [INF] Playwright install exit code: 0
2026-03-10 09:57:29.087 +02:00 [INF] ScraperWorker started — interval: "01:00:00"
2026-03-10 09:57:29.092 +02:00 [INF] RunSafeAsync called
2026-03-10 09:57:29.093 +02:00 [INF] Resolving orchestrator...
2026-03-10 09:57:29.316 +02:00 [INF] Starting orchestrator.RunAsync...
2026-03-10 09:57:29.318 +02:00 [INF] ═══ Scraping run started at 07:57:29 ═══
2026-03-10 09:57:30.022 +02:00 [INF] Navigating to https://finance.yahoo.com/topic/latest-news/
2026-03-10 09:57:38.805 +02:00 [INF] Scroll complete after 5 iterations (3 consecutive stable ticks)
2026-03-10 09:57:38.817 +02:00 [INF] Merge complete — 170 unique articles (0 from XHR interception, 170 from DOM)
2026-03-10 09:57:38.835 +02:00 [INF] Scraped 170 total articles
2026-03-10 09:57:38.851 +02:00 [INF] Redis filter: 1 new, 169 already known
2026-03-10 09:57:39.073 +02:00 [INF] Bulk inserted 1 articles into ClickHouse
2026-03-10 09:57:39.080 +02:00 [INF] ═══ Run complete in 09.761s — scraped=170, inserted=1, skipped=169 ═══
